[debug] [2023-06-08T10:27:10.362Z] ----------------------------------------------------------------------
[debug] [2023-06-08T10:27:10.366Z] Command:       C:\Program Files\nodejs\node.exe C:\Users\lenovo\AppData\Roaming\npm\node_modules\firebase-tools\lib\bin\firebase.js deploy --only functions
[debug] [2023-06-08T10:27:10.367Z] CLI Version:   12.3.0
[debug] [2023-06-08T10:27:10.368Z] Platform:      win32
[debug] [2023-06-08T10:27:10.369Z] Node Version:  v18.14.2
[debug] [2023-06-08T10:27:10.370Z] Time:          Thu Jun 08 2023 17:27:10 GMT+0700 (Western Indonesia Time)
[debug] [2023-06-08T10:27:10.370Z] ----------------------------------------------------------------------
[debug] 
[debug] [2023-06-08T10:27:10.537Z] > command requires scopes: ["email","openid","https://www.googleapis.com/auth/cloudplatformprojects.readonly","https://www.googleapis.com/auth/firebase","https://www.googleapis.com/auth/cloud-platform"]
[debug] [2023-06-08T10:27:10.539Z] > authorizing via signed-in user (c257dsx2012@bangkit.academy)
[debug] [2023-06-08T10:27:10.539Z] [iam] checking project capstone-projek for permissions ["cloudfunctions.functions.create","cloudfunctions.functions.delete","cloudfunctions.functions.get","cloudfunctions.functions.list","cloudfunctions.functions.update","cloudfunctions.operations.get","firebase.projects.get"]
[debug] [2023-06-08T10:27:10.544Z] >>> [apiv2][query] POST https://cloudresourcemanager.googleapis.com/v1/projects/capstone-projek:testIamPermissions [none]
[debug] [2023-06-08T10:27:10.544Z] >>> [apiv2][(partial)header] POST https://cloudresourcemanager.googleapis.com/v1/projects/capstone-projek:testIamPermissions x-goog-quota-user=projects/capstone-projek
[debug] [2023-06-08T10:27:10.545Z] >>> [apiv2][body] POST https://cloudresourcemanager.googleapis.com/v1/projects/capstone-projek:testIamPermissions {"permissions":["cloudfunctions.functions.create","cloudfunctions.functions.delete","cloudfunctions.functions.get","cloudfunctions.functions.list","cloudfunctions.functions.update","cloudfunctions.operations.get","firebase.projects.get"]}
[debug] [2023-06-08T10:27:11.736Z] <<< [apiv2][status] POST https://cloudresourcemanager.googleapis.com/v1/projects/capstone-projek:testIamPermissions 200
[debug] [2023-06-08T10:27:11.736Z] <<< [apiv2][body] POST https://cloudresourcemanager.googleapis.com/v1/projects/capstone-projek:testIamPermissions {"permissions":["cloudfunctions.functions.create","cloudfunctions.functions.delete","cloudfunctions.functions.get","cloudfunctions.functions.list","cloudfunctions.functions.update","cloudfunctions.operations.get","firebase.projects.get"]}
[debug] [2023-06-08T10:27:11.737Z] >>> [apiv2][query] POST https://iam.googleapis.com/v1/projects/capstone-projek/serviceAccounts/capstone-projek@appspot.gserviceaccount.com:testIamPermissions [none]
[debug] [2023-06-08T10:27:11.737Z] >>> [apiv2][body] POST https://iam.googleapis.com/v1/projects/capstone-projek/serviceAccounts/capstone-projek@appspot.gserviceaccount.com:testIamPermissions {"permissions":["iam.serviceAccounts.actAs"]}
[debug] [2023-06-08T10:27:12.840Z] <<< [apiv2][status] POST https://iam.googleapis.com/v1/projects/capstone-projek/serviceAccounts/capstone-projek@appspot.gserviceaccount.com:testIamPermissions 200
[debug] [2023-06-08T10:27:12.841Z] <<< [apiv2][body] POST https://iam.googleapis.com/v1/projects/capstone-projek/serviceAccounts/capstone-projek@appspot.gserviceaccount.com:testIamPermissions {"permissions":["iam.serviceAccounts.actAs"]}
[info] 
[info] === Deploying to 'capstone-projek'...
[info] 
[info] i  deploying functions 
[debug] [2023-06-08T10:27:12.870Z] >>> [apiv2][query] GET https://firebase.googleapis.com/v1beta1/projects/capstone-projek [none]
[debug] [2023-06-08T10:27:13.367Z] <<< [apiv2][status] GET https://firebase.googleapis.com/v1beta1/projects/capstone-projek 200
[debug] [2023-06-08T10:27:13.368Z] <<< [apiv2][body] GET https://firebase.googleapis.com/v1beta1/projects/capstone-projek {"projectId":"capstone-projek","projectNumber":"435494817968","displayName":"Capstone Projek","name":"projects/capstone-projek","resources":{"hostingSite":"capstone-projek","realtimeDatabaseInstance":"capstone-projek-default-rtdb"},"state":"ACTIVE","etag":"1_e53c2d38-acc6-40d3-9676-c5fb8ab0b847"}
[info] i  functions: preparing codebase default for deployment 
[info] i  functions: ensuring required API cloudfunctions.googleapis.com is enabled... 
[info] i  functions: ensuring required API cloudbuild.googleapis.com is enabled... 
[info] i  artifactregistry: ensuring required API artifactregistry.googleapis.com is enabled... 
[debug] [2023-06-08T10:27:13.384Z] >>> [apiv2][query] GET https://serviceusage.googleapis.com/v1/projects/capstone-projek/services/cloudfunctions.googleapis.com [none]
[debug] [2023-06-08T10:27:13.384Z] >>> [apiv2][(partial)header] GET https://serviceusage.googleapis.com/v1/projects/capstone-projek/services/cloudfunctions.googleapis.com x-goog-quota-user=projects/capstone-projek
[debug] [2023-06-08T10:27:13.389Z] >>> [apiv2][query] GET https://serviceusage.googleapis.com/v1/projects/capstone-projek/services/runtimeconfig.googleapis.com [none]
[debug] [2023-06-08T10:27:13.390Z] >>> [apiv2][(partial)header] GET https://serviceusage.googleapis.com/v1/projects/capstone-projek/services/runtimeconfig.googleapis.com x-goog-quota-user=projects/capstone-projek
[debug] [2023-06-08T10:27:13.399Z] >>> [apiv2][query] GET https://serviceusage.googleapis.com/v1/projects/capstone-projek/services/cloudbuild.googleapis.com [none]
[debug] [2023-06-08T10:27:13.400Z] >>> [apiv2][(partial)header] GET https://serviceusage.googleapis.com/v1/projects/capstone-projek/services/cloudbuild.googleapis.com x-goog-quota-user=projects/capstone-projek
[debug] [2023-06-08T10:27:13.403Z] >>> [apiv2][query] GET https://serviceusage.googleapis.com/v1/projects/capstone-projek/services/artifactregistry.googleapis.com [none]
[debug] [2023-06-08T10:27:13.403Z] >>> [apiv2][(partial)header] GET https://serviceusage.googleapis.com/v1/projects/capstone-projek/services/artifactregistry.googleapis.com x-goog-quota-user=projects/capstone-projek
[debug] [2023-06-08T10:27:15.029Z] <<< [apiv2][status] GET https://serviceusage.googleapis.com/v1/projects/capstone-projek/services/runtimeconfig.googleapis.com 200
[debug] [2023-06-08T10:27:15.029Z] <<< [apiv2][body] GET https://serviceusage.googleapis.com/v1/projects/capstone-projek/services/runtimeconfig.googleapis.com [omitted]
[debug] [2023-06-08T10:27:15.032Z] <<< [apiv2][status] GET https://serviceusage.googleapis.com/v1/projects/capstone-projek/services/cloudfunctions.googleapis.com 200
[debug] [2023-06-08T10:27:15.032Z] <<< [apiv2][body] GET https://serviceusage.googleapis.com/v1/projects/capstone-projek/services/cloudfunctions.googleapis.com [omitted]
[info] +  functions: required API cloudfunctions.googleapis.com is enabled 
[debug] [2023-06-08T10:27:15.052Z] <<< [apiv2][status] GET https://serviceusage.googleapis.com/v1/projects/capstone-projek/services/cloudbuild.googleapis.com 200
[debug] [2023-06-08T10:27:15.052Z] <<< [apiv2][body] GET https://serviceusage.googleapis.com/v1/projects/capstone-projek/services/cloudbuild.googleapis.com [omitted]
[info] +  functions: required API cloudbuild.googleapis.com is enabled 
[debug] [2023-06-08T10:27:15.055Z] <<< [apiv2][status] GET https://serviceusage.googleapis.com/v1/projects/capstone-projek/services/artifactregistry.googleapis.com 200
[debug] [2023-06-08T10:27:15.056Z] <<< [apiv2][body] GET https://serviceusage.googleapis.com/v1/projects/capstone-projek/services/artifactregistry.googleapis.com [omitted]
[info] +  artifactregistry: required API artifactregistry.googleapis.com is enabled 
[debug] [2023-06-08T10:27:15.058Z] >>> [apiv2][query] GET https://firebase.googleapis.com/v1beta1/projects/capstone-projek/adminSdkConfig [none]
[debug] [2023-06-08T10:27:15.515Z] <<< [apiv2][status] GET https://firebase.googleapis.com/v1beta1/projects/capstone-projek/adminSdkConfig 200
[debug] [2023-06-08T10:27:15.515Z] <<< [apiv2][body] GET https://firebase.googleapis.com/v1beta1/projects/capstone-projek/adminSdkConfig {"projectId":"capstone-projek","databaseURL":"https://capstone-projek-default-rtdb.asia-southeast1.firebasedatabase.app","storageBucket":"capstone-projek.appspot.com"}
[debug] [2023-06-08T10:27:15.517Z] >>> [apiv2][query] GET https://runtimeconfig.googleapis.com/v1beta1/projects/capstone-projek/configs [none]
[debug] [2023-06-08T10:27:17.097Z] <<< [apiv2][status] GET https://runtimeconfig.googleapis.com/v1beta1/projects/capstone-projek/configs 200
[debug] [2023-06-08T10:27:17.097Z] <<< [apiv2][body] GET https://runtimeconfig.googleapis.com/v1beta1/projects/capstone-projek/configs {}
[debug] [2023-06-08T10:27:17.102Z] Validating nodejs source
[debug] [2023-06-08T10:27:21.124Z] > [functions] package.json contents: {
  "dependencies": {
    "dotenv": "^16.1.4",
    "express": "^4.18.2",
    "firebase-admin": "^11.9.0",
    "firebase-functions": "^4.4.0"
  },
  "scripts": {
    "start": "node index.js",
    "deploy": "firebase deploy --only functions"
  }
}
[debug] [2023-06-08T10:27:21.125Z] Building nodejs source
[debug] [2023-06-08T10:27:21.127Z] Could not find functions.yaml. Must use http discovery
[debug] [2023-06-08T10:27:21.146Z] Found firebase-functions binary at 'C:\cari\node_modules\.bin\firebase-functions'
[debug] [2023-06-08T10:27:21.979Z] Serving at port 8229

[debug] [2023-06-08T10:27:23.143Z] FetchError: request to http://localhost:8229/__/quitquitquit failed, reason: connect ECONNREFUSED ::1:8229
    at ClientRequest.<anonymous> (C:\Users\lenovo\AppData\Roaming\npm\node_modules\firebase-tools\node_modules\node-fetch\lib\index.js:1505:11)
    at ClientRequest.emit (node:events:513:28)
    at ClientRequest.emit (node:domain:489:12)
    at Socket.socketErrorListener (node:_http_client:502:9)
    at Socket.emit (node:events:513:28)
    at Socket.emit (node:domain:489:12)
    at emitErrorNT (node:internal/streams/destroy:151:8)
    at emitErrorCloseNT (node:internal/streams/destroy:116:3)
    at process.processTicksAndRejections (node:internal/process/task_queues:82:21)
[error] 
[error] Error: An unexpected error has occurred.
[debug] [2023-06-08T10:28:09.661Z] ----------------------------------------------------------------------
[debug] [2023-06-08T10:28:09.665Z] Command:       C:\Program Files\nodejs\node.exe C:\Users\lenovo\AppData\Roaming\npm\node_modules\firebase-tools\lib\bin\firebase.js deploy --only functions
[debug] [2023-06-08T10:28:09.666Z] CLI Version:   12.3.0
[debug] [2023-06-08T10:28:09.667Z] Platform:      win32
[debug] [2023-06-08T10:28:09.667Z] Node Version:  v18.14.2
[debug] [2023-06-08T10:28:09.669Z] Time:          Thu Jun 08 2023 17:28:09 GMT+0700 (Western Indonesia Time)
[debug] [2023-06-08T10:28:09.669Z] ----------------------------------------------------------------------
[debug] 
[debug] [2023-06-08T10:28:09.831Z] > command requires scopes: ["email","openid","https://www.googleapis.com/auth/cloudplatformprojects.readonly","https://www.googleapis.com/auth/firebase","https://www.googleapis.com/auth/cloud-platform"]
[debug] [2023-06-08T10:28:09.832Z] > authorizing via signed-in user (c257dsx2012@bangkit.academy)
[debug] [2023-06-08T10:28:09.832Z] [iam] checking project capstone-projek for permissions ["cloudfunctions.functions.create","cloudfunctions.functions.delete","cloudfunctions.functions.get","cloudfunctions.functions.list","cloudfunctions.functions.update","cloudfunctions.operations.get","firebase.projects.get"]
[debug] [2023-06-08T10:28:09.836Z] >>> [apiv2][query] POST https://cloudresourcemanager.googleapis.com/v1/projects/capstone-projek:testIamPermissions [none]
[debug] [2023-06-08T10:28:09.837Z] >>> [apiv2][(partial)header] POST https://cloudresourcemanager.googleapis.com/v1/projects/capstone-projek:testIamPermissions x-goog-quota-user=projects/capstone-projek
[debug] [2023-06-08T10:28:09.838Z] >>> [apiv2][body] POST https://cloudresourcemanager.googleapis.com/v1/projects/capstone-projek:testIamPermissions {"permissions":["cloudfunctions.functions.create","cloudfunctions.functions.delete","cloudfunctions.functions.get","cloudfunctions.functions.list","cloudfunctions.functions.update","cloudfunctions.operations.get","firebase.projects.get"]}
[debug] [2023-06-08T10:28:11.059Z] <<< [apiv2][status] POST https://cloudresourcemanager.googleapis.com/v1/projects/capstone-projek:testIamPermissions 200
[debug] [2023-06-08T10:28:11.059Z] <<< [apiv2][body] POST https://cloudresourcemanager.googleapis.com/v1/projects/capstone-projek:testIamPermissions {"permissions":["cloudfunctions.functions.create","cloudfunctions.functions.delete","cloudfunctions.functions.get","cloudfunctions.functions.list","cloudfunctions.functions.update","cloudfunctions.operations.get","firebase.projects.get"]}
[debug] [2023-06-08T10:28:11.060Z] >>> [apiv2][query] POST https://iam.googleapis.com/v1/projects/capstone-projek/serviceAccounts/capstone-projek@appspot.gserviceaccount.com:testIamPermissions [none]
[debug] [2023-06-08T10:28:11.061Z] >>> [apiv2][body] POST https://iam.googleapis.com/v1/projects/capstone-projek/serviceAccounts/capstone-projek@appspot.gserviceaccount.com:testIamPermissions {"permissions":["iam.serviceAccounts.actAs"]}
[debug] [2023-06-08T10:28:12.139Z] <<< [apiv2][status] POST https://iam.googleapis.com/v1/projects/capstone-projek/serviceAccounts/capstone-projek@appspot.gserviceaccount.com:testIamPermissions 200
[debug] [2023-06-08T10:28:12.139Z] <<< [apiv2][body] POST https://iam.googleapis.com/v1/projects/capstone-projek/serviceAccounts/capstone-projek@appspot.gserviceaccount.com:testIamPermissions {"permissions":["iam.serviceAccounts.actAs"]}
[info] 
[info] === Deploying to 'capstone-projek'...
[info] 
[info] i  deploying functions 
[debug] [2023-06-08T10:28:12.161Z] >>> [apiv2][query] GET https://firebase.googleapis.com/v1beta1/projects/capstone-projek [none]
[debug] [2023-06-08T10:28:12.769Z] <<< [apiv2][status] GET https://firebase.googleapis.com/v1beta1/projects/capstone-projek 200
[debug] [2023-06-08T10:28:12.770Z] <<< [apiv2][body] GET https://firebase.googleapis.com/v1beta1/projects/capstone-projek {"projectId":"capstone-projek","projectNumber":"435494817968","displayName":"Capstone Projek","name":"projects/capstone-projek","resources":{"hostingSite":"capstone-projek","realtimeDatabaseInstance":"capstone-projek-default-rtdb"},"state":"ACTIVE","etag":"1_e53c2d38-acc6-40d3-9676-c5fb8ab0b847"}
[info] i  functions: preparing codebase default for deployment 
[info] i  functions: ensuring required API cloudfunctions.googleapis.com is enabled... 
[info] i  functions: ensuring required API cloudbuild.googleapis.com is enabled... 
[info] i  artifactregistry: ensuring required API artifactregistry.googleapis.com is enabled... 
[debug] [2023-06-08T10:28:12.794Z] >>> [apiv2][query] GET https://serviceusage.googleapis.com/v1/projects/capstone-projek/services/cloudfunctions.googleapis.com [none]
[debug] [2023-06-08T10:28:12.795Z] >>> [apiv2][(partial)header] GET https://serviceusage.googleapis.com/v1/projects/capstone-projek/services/cloudfunctions.googleapis.com x-goog-quota-user=projects/capstone-projek
[debug] [2023-06-08T10:28:12.799Z] >>> [apiv2][query] GET https://serviceusage.googleapis.com/v1/projects/capstone-projek/services/runtimeconfig.googleapis.com [none]
[debug] [2023-06-08T10:28:12.799Z] >>> [apiv2][(partial)header] GET https://serviceusage.googleapis.com/v1/projects/capstone-projek/services/runtimeconfig.googleapis.com x-goog-quota-user=projects/capstone-projek
[debug] [2023-06-08T10:28:12.801Z] >>> [apiv2][query] GET https://serviceusage.googleapis.com/v1/projects/capstone-projek/services/cloudbuild.googleapis.com [none]
[debug] [2023-06-08T10:28:12.802Z] >>> [apiv2][(partial)header] GET https://serviceusage.googleapis.com/v1/projects/capstone-projek/services/cloudbuild.googleapis.com x-goog-quota-user=projects/capstone-projek
[debug] [2023-06-08T10:28:12.805Z] >>> [apiv2][query] GET https://serviceusage.googleapis.com/v1/projects/capstone-projek/services/artifactregistry.googleapis.com [none]
[debug] [2023-06-08T10:28:12.805Z] >>> [apiv2][(partial)header] GET https://serviceusage.googleapis.com/v1/projects/capstone-projek/services/artifactregistry.googleapis.com x-goog-quota-user=projects/capstone-projek
[debug] [2023-06-08T10:28:14.406Z] <<< [apiv2][status] GET https://serviceusage.googleapis.com/v1/projects/capstone-projek/services/artifactregistry.googleapis.com 200
[debug] [2023-06-08T10:28:14.407Z] <<< [apiv2][body] GET https://serviceusage.googleapis.com/v1/projects/capstone-projek/services/artifactregistry.googleapis.com [omitted]
[info] +  artifactregistry: required API artifactregistry.googleapis.com is enabled 
[debug] [2023-06-08T10:28:14.420Z] <<< [apiv2][status] GET https://serviceusage.googleapis.com/v1/projects/capstone-projek/services/cloudbuild.googleapis.com 200
[debug] [2023-06-08T10:28:14.422Z] <<< [apiv2][body] GET https://serviceusage.googleapis.com/v1/projects/capstone-projek/services/cloudbuild.googleapis.com [omitted]
[info] +  functions: required API cloudbuild.googleapis.com is enabled 
[debug] [2023-06-08T10:28:14.430Z] <<< [apiv2][status] GET https://serviceusage.googleapis.com/v1/projects/capstone-projek/services/runtimeconfig.googleapis.com 200
[debug] [2023-06-08T10:28:14.430Z] <<< [apiv2][body] GET https://serviceusage.googleapis.com/v1/projects/capstone-projek/services/runtimeconfig.googleapis.com [omitted]
[debug] [2023-06-08T10:28:14.433Z] <<< [apiv2][status] GET https://serviceusage.googleapis.com/v1/projects/capstone-projek/services/cloudfunctions.googleapis.com 200
[debug] [2023-06-08T10:28:14.433Z] <<< [apiv2][body] GET https://serviceusage.googleapis.com/v1/projects/capstone-projek/services/cloudfunctions.googleapis.com [omitted]
[info] +  functions: required API cloudfunctions.googleapis.com is enabled 
[debug] [2023-06-08T10:28:14.436Z] >>> [apiv2][query] GET https://firebase.googleapis.com/v1beta1/projects/capstone-projek/adminSdkConfig [none]
[debug] [2023-06-08T10:28:14.805Z] <<< [apiv2][status] GET https://firebase.googleapis.com/v1beta1/projects/capstone-projek/adminSdkConfig 200
[debug] [2023-06-08T10:28:14.805Z] <<< [apiv2][body] GET https://firebase.googleapis.com/v1beta1/projects/capstone-projek/adminSdkConfig {"projectId":"capstone-projek","databaseURL":"https://capstone-projek-default-rtdb.asia-southeast1.firebasedatabase.app","storageBucket":"capstone-projek.appspot.com"}
[debug] [2023-06-08T10:28:14.807Z] >>> [apiv2][query] GET https://runtimeconfig.googleapis.com/v1beta1/projects/capstone-projek/configs [none]
[debug] [2023-06-08T10:28:16.235Z] <<< [apiv2][status] GET https://runtimeconfig.googleapis.com/v1beta1/projects/capstone-projek/configs 200
[debug] [2023-06-08T10:28:16.236Z] <<< [apiv2][body] GET https://runtimeconfig.googleapis.com/v1beta1/projects/capstone-projek/configs {}
[debug] [2023-06-08T10:28:16.239Z] Validating nodejs source
[debug] [2023-06-08T10:28:20.743Z] > [functions] package.json contents: {
  "dependencies": {
    "dotenv": "^16.1.4",
    "express": "^4.18.2",
    "firebase-admin": "^11.9.0",
    "firebase-functions": "^4.4.0"
  },
  "scripts": {
    "start": "node index.js",
    "deploy": "firebase deploy --only functions"
  }
}
[debug] [2023-06-08T10:28:20.743Z] Building nodejs source
[debug] [2023-06-08T10:28:20.746Z] Could not find functions.yaml. Must use http discovery
[debug] [2023-06-08T10:28:20.770Z] Found firebase-functions binary at 'C:\cari\node_modules\.bin\firebase-functions'
[debug] [2023-06-08T10:28:21.548Z] Serving at port 8242

[debug] [2023-06-08T10:28:22.575Z] FetchError: request to http://localhost:8242/__/quitquitquit failed, reason: connect ECONNREFUSED ::1:8242
    at ClientRequest.<anonymous> (C:\Users\lenovo\AppData\Roaming\npm\node_modules\firebase-tools\node_modules\node-fetch\lib\index.js:1505:11)
    at ClientRequest.emit (node:events:513:28)
    at ClientRequest.emit (node:domain:489:12)
    at Socket.socketErrorListener (node:_http_client:502:9)
    at Socket.emit (node:events:513:28)
    at Socket.emit (node:domain:489:12)
    at emitErrorNT (node:internal/streams/destroy:151:8)
    at emitErrorCloseNT (node:internal/streams/destroy:116:3)
    at process.processTicksAndRejections (node:internal/process/task_queues:82:21)
[error] 
[error] Error: An unexpected error has occurred.
